{
  "RSpec": {
    "coverage": {
      "/Users/sherodtaylor/Dropbox/wdi/soundcloud-twitter/app/controllers/application_controller.rb": [
        1,
        1,
        null,
        1,
        null,
        1,
        0,
        null,
        null,
        1,
        0,
        null,
        1,
        null,
        1,
        0,
        0,
        null,
        null
      ],
      "/Users/sherodtaylor/Dropbox/wdi/soundcloud-twitter/app/helpers/application_helper.rb": [
        1,
        null
      ],
      "/Users/sherodtaylor/Dropbox/wdi/soundcloud-twitter/app/helpers/sessions_helper.rb": [
        1,
        null
      ],
      "/Users/sherodtaylor/Dropbox/wdi/soundcloud-twitter/app/controllers/pages_controller.rb": [
        1,
        1,
        null,
        null
      ],
      "/Users/sherodtaylor/Dropbox/wdi/soundcloud-twitter/app/controllers/sessions_controller.rb": [
        1,
        1,
        4,
        null,
        4,
        2,
        null,
        null,
        4,
        1,
        3,
        1,
        1,
        null,
        2,
        2,
        2,
        null,
        null,
        null,
        1,
        1,
        1,
        1,
        1,
        1,
        null,
        null,
        1,
        1,
        1,
        null,
        null
      ],
      "/Users/sherodtaylor/Dropbox/wdi/soundcloud-twitter/app/models/user.rb": [
        1,
        1,
        1,
        2,
        2,
        2,
        2,
        2,
        null,
        null,
        null,
        null,
        1,
        6,
        null,
        null,
        null
      ]
    },
    "timestamp": 1370965900
  }
}
